<?xml version="1.0" encoding="UTF-8"?>
<robot generator="Robot 3.0.4 (Python 3.6.5 on darwin)" generated="20181105 18:51:12.969">
<suite id="s1" name="Hackerschool" source="/Users/lukasloukota/Work/Programming/Python/hackerschool/hackerschool">
<suite id="s1-s1" name="Hs4 Start" source="/Users/lukasloukota/Work/Programming/Python/hackerschool/hackerschool/hs4_start">
<suite id="s1-s1-s1" name="Tests" source="/Users/lukasloukota/Work/Programming/Python/hackerschool/hackerschool/hs4_start/Tests">
<suite id="s1-s1-s1-s1" name="Workshop 4" source="/Users/lukasloukota/Work/Programming/Python/hackerschool/hackerschool/hs4_start/Tests/Workshop_4">
<suite id="s1-s1-s1-s1-s1" name="Sign Up Testing" source="/Users/lukasloukota/Work/Programming/Python/hackerschool/hackerschool/hs4_start/Tests/Workshop_4/Sign_Up_Testing.robot">
<test id="s1-s1-s1-s1-s1-t1" name="Sign Up Testing">
<kw name="Open Browser" library="SeleniumLibrary" type="setup">
<doc>Opens a new browser instance to the given ``url``.</doc>
<arguments>
<arg>http://automationpractice.com/index.php</arg>
<arg>chrome</arg>
</arguments>
<msg timestamp="20181105 18:51:13.354" level="INFO">Opening browser 'chrome' to base url 'http://automationpractice.com/index.php'.</msg>
<kw name="Capture Page Screenshot" library="SeleniumLibrary">
<doc>Takes screenshot of the current page and embeds it into log file.</doc>
<msg timestamp="20181105 18:51:13.370" level="INFO">Cannot capture screenshot because no browser is open.</msg>
<status status="PASS" starttime="20181105 18:51:13.369" endtime="20181105 18:51:13.370"></status>
</kw>
<msg timestamp="20181105 18:51:13.374" level="FAIL">WebDriverException: Message: 'chromedriver' executable needs to be in PATH. Please see https://sites.google.com/a/chromium.org/chromedriver/home
</msg>
<status status="FAIL" starttime="20181105 18:51:13.353" endtime="20181105 18:51:13.375"></status>
</kw>
<kw name="Close Browser" library="SeleniumLibrary" type="teardown">
<doc>Closes the current browser.</doc>
<status status="PASS" starttime="20181105 18:51:13.375" endtime="20181105 18:51:13.376"></status>
</kw>
<status status="FAIL" starttime="20181105 18:51:13.352" endtime="20181105 18:51:13.376" critical="yes">Setup failed:
WebDriverException: Message: 'chromedriver' executable needs to be in PATH. Please see https://sites.google.com/a/chromium.org/chromedriver/home
</status>
</test>
<status status="FAIL" starttime="20181105 18:51:13.214" endtime="20181105 18:51:13.377"></status>
</suite>
<status status="FAIL" starttime="20181105 18:51:13.212" endtime="20181105 18:51:13.379"></status>
</suite>
<status status="FAIL" starttime="20181105 18:51:13.211" endtime="20181105 18:51:13.380"></status>
</suite>
<status status="FAIL" starttime="20181105 18:51:13.207" endtime="20181105 18:51:13.381"></status>
</suite>
<status status="FAIL" starttime="20181105 18:51:13.187" endtime="20181105 18:51:13.382"></status>
</suite>
<statistics>
<total>
<stat pass="0" fail="1">Critical Tests</stat>
<stat pass="0" fail="1">All Tests</stat>
</total>
<tag>
</tag>
<suite>
<stat pass="0" fail="1" id="s1" name="Hackerschool">Hackerschool</stat>
<stat pass="0" fail="1" id="s1-s1" name="Hs4 Start">Hackerschool.Hs4 Start</stat>
<stat pass="0" fail="1" id="s1-s1-s1" name="Tests">Hackerschool.Hs4 Start.Tests</stat>
<stat pass="0" fail="1" id="s1-s1-s1-s1" name="Workshop 4">Hackerschool.Hs4 Start.Tests.Workshop 4</stat>
<stat pass="0" fail="1" id="s1-s1-s1-s1-s1" name="Sign Up Testing">Hackerschool.Hs4 Start.Tests.Workshop 4.Sign Up Testing</stat>
</suite>
</statistics>
<errors>
</errors>
</robot>
