<?xml version="1.0" encoding="UTF-8"?>
<robot generator="Robot 3.0.4 (Python 3.6.5 on darwin)" generated="20181029 18:59:34.176">
<suite id="s1" name="Week3" source="/Users/lukasloukota/Work/Programming/Python/hackerschool/hackerschool/week3">
<suite id="s1-s1" name="Tests" source="/Users/lukasloukota/Work/Programming/Python/hackerschool/hackerschool/week3/Tests">
<suite id="s1-s1-s1" name="Workshop" source="/Users/lukasloukota/Work/Programming/Python/hackerschool/hackerschool/week3/Tests/Workshop">
<suite id="s1-s1-s1-s1" name="Mahara Test" source="/Users/lukasloukota/Work/Programming/Python/hackerschool/hackerschool/week3/Tests/Workshop/Mahara_Test.robot">
<test id="s1-s1-s1-s1-t1" name="Mahara Invalid Login">
<kw name="Open Browser" library="SeleniumLibrary">
<doc>Opens a new browser instance to the given ``url``.</doc>
<arguments>
<arg>https://demo.mahara.org/</arg>
<arg>chrome</arg>
</arguments>
<msg timestamp="20181029 18:59:34.349" level="INFO">Opening browser 'chrome' to base url 'https://demo.mahara.org/'.</msg>
<kw name="Capture Page Screenshot" library="SeleniumLibrary">
<doc>Takes screenshot of the current page and embeds it into log file.</doc>
<msg timestamp="20181029 18:59:34.362" level="INFO">Cannot capture screenshot because no browser is open.</msg>
<status status="PASS" starttime="20181029 18:59:34.361" endtime="20181029 18:59:34.362"></status>
</kw>
<msg timestamp="20181029 18:59:34.367" level="FAIL">WebDriverException: Message: 'chromedriver' executable needs to be in PATH. Please see https://sites.google.com/a/chromium.org/chromedriver/home
</msg>
<status status="FAIL" starttime="20181029 18:59:34.349" endtime="20181029 18:59:34.368"></status>
</kw>
<status status="FAIL" starttime="20181029 18:59:34.348" endtime="20181029 18:59:34.368" critical="yes">WebDriverException: Message: 'chromedriver' executable needs to be in PATH. Please see https://sites.google.com/a/chromium.org/chromedriver/home
</status>
</test>
<status status="FAIL" starttime="20181029 18:59:34.231" endtime="20181029 18:59:34.369"></status>
</suite>
<status status="FAIL" starttime="20181029 18:59:34.230" endtime="20181029 18:59:34.370"></status>
</suite>
<status status="FAIL" starttime="20181029 18:59:34.228" endtime="20181029 18:59:34.371"></status>
</suite>
<status status="FAIL" starttime="20181029 18:59:34.207" endtime="20181029 18:59:34.372"></status>
</suite>
<statistics>
<total>
<stat pass="0" fail="1">Critical Tests</stat>
<stat pass="0" fail="1">All Tests</stat>
</total>
<tag>
</tag>
<suite>
<stat pass="0" fail="1" id="s1" name="Week3">Week3</stat>
<stat pass="0" fail="1" id="s1-s1" name="Tests">Week3.Tests</stat>
<stat pass="0" fail="1" id="s1-s1-s1" name="Workshop">Week3.Tests.Workshop</stat>
<stat pass="0" fail="1" id="s1-s1-s1-s1" name="Mahara Test">Week3.Tests.Workshop.Mahara Test</stat>
</suite>
</statistics>
<errors>
</errors>
</robot>
